<?xml version="1.0" encoding="UTF-8"?>
<testsuite name="net.ict.springex.service.TodoServiceTest" tests="1" skipped="0" failures="0" errors="0" timestamp="2022-11-14T08:03:11" hostname="DESKTOP-S095GHJ" time="0.109">
  <properties/>
  <testcase name="testRegister()" classname="net.ict.springex.service.TodoServiceTest" time="0.109"/>
  <system-out><![CDATA[05:03:10  INFO [org.springframework.test.context.support.DefaultTestContextBootstrapper] Loaded default TestExecutionListener class names from location [META-INF/spring.factories]: [org.springframework.test.context.web.ServletTestExecutionListener, org.springframework.test.context.support.DirtiesContextBeforeModesTestExecutionListener, org.springframework.test.context.event.ApplicationEventsTestExecutionListener, org.springframework.test.context.support.DependencyInjectionTestExecutionListener, org.springframework.test.context.support.DirtiesContextTestExecutionListener, org.springframework.test.context.transaction.TransactionalTestExecutionListener, org.springframework.test.context.jdbc.SqlScriptsTestExecutionListener, org.springframework.test.context.event.EventPublishingTestExecutionListener]
05:03:10  INFO [org.springframework.test.context.support.DefaultTestContextBootstrapper] Using TestExecutionListeners: [org.springframework.test.context.support.DirtiesContextBeforeModesTestExecutionListener@d0ec63, org.springframework.test.context.event.ApplicationEventsTestExecutionListener@5a5c128, org.springframework.test.context.support.DependencyInjectionTestExecutionListener@73eb8672, org.springframework.test.context.support.DirtiesContextTestExecutionListener@5942ee04, org.springframework.test.context.transaction.TransactionalTestExecutionListener@5e76a2bb, org.springframework.test.context.jdbc.SqlScriptsTestExecutionListener@757194dc, org.springframework.test.context.event.EventPublishingTestExecutionListener@5a865416]
05:03:11  INFO [com.zaxxer.hikari.HikariDataSource] HikariPool-1 - Starting...
05:03:11  INFO [com.zaxxer.hikari.pool.HikariPool] HikariPool-1 - Added connection org.mariadb.jdbc.Connection@1effd53c
05:03:11  INFO [com.zaxxer.hikari.HikariDataSource] HikariPool-1 - Start completed.
05:03:11  INFO [net.ict.springex.service.TodoServiceImpl] org.modelmapper.ModelMapper@37ad042b
05:03:11  INFO [net.ict.springex.service.TodoServiceImpl] TodoVO(tno=null, title=Test........., dueDate=2022-11-14, finished=false, writer=ict01)
]]></system-out>
  <system-err><![CDATA[]]></system-err>
</testsuite>
