<?xml version="1.0" encoding="UTF-8"?>
<testsuite name="net.ict.springex.mapper.TodoMapperTest" tests="1" skipped="0" failures="0" errors="0" timestamp="2022-11-15T03:08:24" hostname="DESKTOP-S095GHJ" time="0.06">
  <properties/>
  <testcase name="testSelectAll()" classname="net.ict.springex.mapper.TodoMapperTest" time="0.06"/>
  <system-out><![CDATA[12:08:23  INFO [org.springframework.test.context.support.DefaultTestContextBootstrapper] Loaded default TestExecutionListener class names from location [META-INF/spring.factories]: [org.springframework.test.context.web.ServletTestExecutionListener, org.springframework.test.context.support.DirtiesContextBeforeModesTestExecutionListener, org.springframework.test.context.event.ApplicationEventsTestExecutionListener, org.springframework.test.context.support.DependencyInjectionTestExecutionListener, org.springframework.test.context.support.DirtiesContextTestExecutionListener, org.springframework.test.context.transaction.TransactionalTestExecutionListener, org.springframework.test.context.jdbc.SqlScriptsTestExecutionListener, org.springframework.test.context.event.EventPublishingTestExecutionListener]
12:08:23  INFO [org.springframework.test.context.support.DefaultTestContextBootstrapper] Using TestExecutionListeners: [org.springframework.test.context.support.DirtiesContextBeforeModesTestExecutionListener@203dd56b, org.springframework.test.context.event.ApplicationEventsTestExecutionListener@e8fadb0, org.springframework.test.context.support.DependencyInjectionTestExecutionListener@6d64b553, org.springframework.test.context.support.DirtiesContextTestExecutionListener@53667cbe, org.springframework.test.context.transaction.TransactionalTestExecutionListener@1d3e6d34, org.springframework.test.context.jdbc.SqlScriptsTestExecutionListener@6eafb10e, org.springframework.test.context.event.EventPublishingTestExecutionListener@26a94fa5]
12:08:24  INFO [com.zaxxer.hikari.HikariDataSource] HikariPool-1 - Starting...
12:08:24  INFO [com.zaxxer.hikari.pool.HikariPool] HikariPool-1 - Added connection org.mariadb.jdbc.Connection@3804a9a8
12:08:24  INFO [com.zaxxer.hikari.HikariDataSource] HikariPool-1 - Start completed.
12:08:24  INFO [net.ict.springex.mapper.TodoMapperTest] TodoVO(tno=3, title=dds, dueDate=2022-11-25, finished=false, writer=sojin)
12:08:24  INFO [net.ict.springex.mapper.TodoMapperTest] TodoVO(tno=2, title=Test........., dueDate=2022-11-14, finished=false, writer=ict01)
12:08:24  INFO [net.ict.springex.mapper.TodoMapperTest] TodoVO(tno=1, title=Spring Test, dueDate=2022-11-14, finished=false, writer=ict05)
]]></system-out>
  <system-err><![CDATA[]]></system-err>
</testsuite>
